Using pre-set license
Built from '2020.3/staging' branch; Version is '2020.3.24f1 (79c78de19888) revision 7980941'; Using compiler version '192528614'; Build Type 'Release'
OS: 'Windows 10  (10.0.19042) 64bit CoreSingleLanguage' Language: 'es' Physical Memory: 6082 MB
BatchMode: 1, IsHumanControllingUs: 0, StartBugReporterOnCrash: 0, Is64bit: 1, IsPro: 0

COMMAND LINE ARGUMENTS:
C:\Users\DANTE\Music\2020.3.24f1\Editor\Unity.exe
-adb2
-batchMode
-noUpm
-name
AssetImportWorker3
-projectPath
C:/Users/DANTE/Music/hola2/0x02-unity-scripting
-logFile
Logs/AssetImportWorker3.log
-srvPort
62014
Successfully changed project path to: C:/Users/DANTE/Music/hola2/0x02-unity-scripting
C:/Users/DANTE/Music/hola2/0x02-unity-scripting
Using Asset Import Pipeline V2.
Refreshing native plugins compatible for Editor in 238.45 ms, found 2 plugins.
Preloading 0 native plugins for Editor in 0.00 ms.
Initialize engine version: 2020.3.24f1 (79c78de19888)
[Subsystems] Discovering subsystems at path C:/Users/DANTE/Music/2020.3.24f1/Editor/Data/Resources/UnitySubsystems
[Subsystems] Discovering subsystems at path C:/Users/DANTE/Music/hola2/0x02-unity-scripting/Assets
GfxDevice: creating device client; threaded=0
Direct3D:
    Version:  Direct3D 11.0 [level 11.1]
    Renderer: AMD Radeon(TM) Vega 8 Graphics (ID=0x15d8)
    Vendor:   
    VRAM:     3041 MB
    Driver:   27.20.1028.1
Initialize mono
Mono path[0] = 'C:/Users/DANTE/Music/2020.3.24f1/Editor/Data/Managed'
Mono path[1] = 'C:/Users/DANTE/Music/2020.3.24f1/Editor/Data/MonoBleedingEdge/lib/mono/unityjit'
Mono config path = 'C:/Users/DANTE/Music/2020.3.24f1/Editor/Data/MonoBleedingEdge/etc'
Using monoOptions --debugger-agent=transport=dt_socket,embedding=1,server=y,suspend=n,address=127.0.0.1:56160
Begin MonoManager ReloadAssembly
Registering precompiled unity dll's ...
Register platform support module: C:/Users/DANTE/Music/2020.3.24f1/Editor/Data/PlaybackEngines/WindowsStandaloneSupport/UnityEditor.WindowsStandalone.Extensions.dll
Registered in 0.138103 seconds.
Native extension for WindowsStandalone target not found
Refreshing native plugins compatible for Editor in 185.04 ms, found 2 plugins.
Preloading 0 native plugins for Editor in 0.00 ms.
Mono: successfully reloaded assembly
- Completed reload, in  2.368 seconds
Domain Reload Profiling:
	ReloadAssembly (2369ms)
		BeginReloadAssembly (218ms)
			ExecutionOrderSort (0ms)
			DisableScriptedObjects (0ms)
			BackupInstance (0ms)
			ReleaseScriptingObjects (0ms)
			CreateAndSetChildDomain (3ms)
		EndReloadAssembly (1698ms)
			LoadAssemblies (211ms)
			RebuildTransferFunctionScriptingTraits (1ms)
			SetupTypeCache (542ms)
			ReleaseScriptCaches (0ms)
			RebuildScriptCaches (111ms)
			SetupLoadedEditorAssemblies (672ms)
				LogAssemblyErrors (0ms)
				InitializePlatformSupportModulesInManaged (16ms)
				SetLoadedEditorAssemblies (1ms)
				RefreshPlugins (185ms)
				BeforeProcessingInitializeOnLoad (55ms)
				ProcessInitializeOnLoadAttributes (313ms)
				ProcessInitializeOnLoadMethodAttributes (101ms)
				AfterProcessingInitializeOnLoad (0ms)
				EditorAssembliesLoaded (1ms)
			ExecutionOrderSort2 (0ms)
			AwakeInstancesAfterBackupRestoration (0ms)
Platform modules already initialized, skipping
Registering precompiled user dll's ...
Registered in 0.020502 seconds.
Begin MonoManager ReloadAssembly
Native extension for WindowsStandalone target not found
Refreshing native plugins compatible for Editor in 2.17 ms, found 2 plugins.
Preloading 0 native plugins for Editor in 0.00 ms.
Mono: successfully reloaded assembly
- Completed reload, in  8.463 seconds
Domain Reload Profiling:
	ReloadAssembly (8608ms)
		BeginReloadAssembly (661ms)
			ExecutionOrderSort (0ms)
			DisableScriptedObjects (25ms)
			BackupInstance (0ms)
			ReleaseScriptingObjects (0ms)
			CreateAndSetChildDomain (67ms)
		EndReloadAssembly (7723ms)
			LoadAssemblies (4126ms)
			RebuildTransferFunctionScriptingTraits (0ms)
			SetupTypeCache (1293ms)
			ReleaseScriptCaches (1ms)
			RebuildScriptCaches (163ms)
			SetupLoadedEditorAssemblies (1558ms)
				LogAssemblyErrors (0ms)
				InitializePlatformSupportModulesInManaged (19ms)
				SetLoadedEditorAssemblies (2ms)
				RefreshPlugins (2ms)
				BeforeProcessingInitializeOnLoad (413ms)
				ProcessInitializeOnLoadAttributes (908ms)
				ProcessInitializeOnLoadMethodAttributes (187ms)
				AfterProcessingInitializeOnLoad (26ms)
				EditorAssembliesLoaded (0ms)
			ExecutionOrderSort2 (0ms)
			AwakeInstancesAfterBackupRestoration (22ms)
Platform modules already initialized, skipping
========================================================================
Worker process is ready to serve import requests
Launched and connected shader compiler UnityShaderCompiler.exe after 0.18 seconds
Refreshing native plugins compatible for Editor in 7.01 ms, found 2 plugins.
Preloading 0 native plugins for Editor in 0.00 ms.
Unloading 2124 Unused Serialized files (Serialized files now loaded: 0)
System memory in use before: 84.6 MB.
System memory in use after: 84.7 MB.

Unloading 58 unused Assets to reduce memory usage. Loaded Objects now: 2528.
Total: 32.144600 ms (FindLiveObjects: 1.464000 ms CreateObjectMapping: 0.813500 ms MarkObjects: 29.422400 ms  DeleteObjects: 0.437000 ms)

AssetImportParameters requested are different than current active one (requested -> active):
  custom:framework-win-MediaFoundation: 216162199b28c13a410421893ffa2e32 -> 
  custom:video-decoder-ogg-theora: a1e56fd34408186e4bbccfd4996cb3dc -> 
  custom:container-muxer-webm: aa71ff27fc2769a1b78a27578f13a17b -> 
  custom:container-demuxer-webm: 4f35f7cbe854078d1ac9338744f61a02 -> 
  custom:container-demuxer-ogg: 62fdf1f143b41e24485cea50d1cbac27 -> 
  custom:video-encoder-webm-vp8: eb34c28f22e8b96e1ab97ce403110664 -> 
  custom:video-decoder-webm-vp8: 9c59270c3fd7afecdb556c50c9e8de78 -> 
  custom:audio-decoder-ogg-vorbis: bf7c407c2cedff20999df2af8eb42d56 -> 
  custom:audio-encoder-webm-vorbis: bf7c407c2cedff20999df2af8eb42d56 -> 
========================================================================
Received Import Request.
  path: Assets/maze.unity
  artifactKey: Guid(90e0410ef64dca34bab9040a45a08f7b) Importer(815301076,1909f56bfc062723c751e8b465ee728b)
Start importing Assets/maze.unity using Guid(90e0410ef64dca34bab9040a45a08f7b) Importer(815301076,1909f56bfc062723c751e8b465ee728b)  -> (artifact id: '3c130f97bb3bd584e48b37cbac0cb958') in 0.076999 seconds 
  Import took 0.087493 seconds .

========================================================================
Received Import Request.
  Time since last request: 308.771686 seconds.
  path: Assets/Materials/coin.mat
  artifactKey: Guid(830fec7e3aabaa1439b5c0a4e59d6b01) Importer(815301076,1909f56bfc062723c751e8b465ee728b)
Start importing Assets/Materials/coin.mat using Guid(830fec7e3aabaa1439b5c0a4e59d6b01) Importer(815301076,1909f56bfc062723c751e8b465ee728b)  -> (artifact id: 'c8744604793610fd77c01ace72b41462') in 0.478021 seconds 
  Import took 0.485349 seconds .

========================================================================
Received Import Request.
  Time since last request: 0.000595 seconds.
  path: Assets/Materials/floor.mat
  artifactKey: Guid(ce7f835ac461fd34e9317a05125276f0) Importer(815301076,1909f56bfc062723c751e8b465ee728b)
Start importing Assets/Materials/floor.mat using Guid(ce7f835ac461fd34e9317a05125276f0) Importer(815301076,1909f56bfc062723c751e8b465ee728b)  -> (artifact id: '04a3688e20908b5d63588ba95023c65d') in 0.100597 seconds 
  Import took 0.117858 seconds .

========================================================================
Received Import Request.
  Time since last request: 0.000662 seconds.
  path: Assets/Materials/player.mat
  artifactKey: Guid(379dab34ed2c5a44da037b0b38687b8b) Importer(815301076,1909f56bfc062723c751e8b465ee728b)
Start importing Assets/Materials/player.mat using Guid(379dab34ed2c5a44da037b0b38687b8b) Importer(815301076,1909f56bfc062723c751e8b465ee728b)  -> (artifact id: 'e1af22620d46ff61ea1d69d759f7fed2') in 0.105171 seconds 
  Import took 0.116776 seconds .

========================================================================
Received Import Request.
  Time since last request: 0.392525 seconds.
  path: Assets/Materials
  artifactKey: Guid(12cb1d450915de04dba9a62ea5e6e8b5) Importer(815301076,1909f56bfc062723c751e8b465ee728b)
Start importing Assets/Materials using Guid(12cb1d450915de04dba9a62ea5e6e8b5) Importer(815301076,1909f56bfc062723c751e8b465ee728b)  -> (artifact id: 'f599573cd705a1b4ef6a6d7166bf6618') in 0.026582 seconds 
  Import took 0.033684 seconds .

========================================================================
Received Import Request.
  Time since last request: 8.947783 seconds.
  path: Assets/Materials/trap.mat
  artifactKey: Guid(fc25daff2b930be43903d8ac4b1eccbd) Importer(815301076,1909f56bfc062723c751e8b465ee728b)
Start importing Assets/Materials/trap.mat using Guid(fc25daff2b930be43903d8ac4b1eccbd) Importer(815301076,1909f56bfc062723c751e8b465ee728b)  -> (artifact id: '052d7f7799b7b85fe1ca8435faa307f5') in 0.082964 seconds 
  Import took 0.097611 seconds .

========================================================================
Received Import Request.
  Time since last request: 30.883445 seconds.
  path: ProjectSettings/TagManager.asset
  artifactKey: Guid(00000000000000003000000000000000) Importer(815301076,1909f56bfc062723c751e8b465ee728b)
Start importing ProjectSettings/TagManager.asset using Guid(00000000000000003000000000000000) Importer(815301076,1909f56bfc062723c751e8b465ee728b)  -> (artifact id: '2326a3d43ed2d97eb6a0f0a2df4fece6') in 0.062655 seconds 
  Import took 0.072128 seconds .

========================================================================
Received Import Request.
  Time since last request: 23.938695 seconds.
  path: Assets/Prefabs/Coin.prefab
  artifactKey: Guid(dee1243f7bf68fe4db59a8a6980d9a3e) Importer(815301076,1909f56bfc062723c751e8b465ee728b)
Start importing Assets/Prefabs/Coin.prefab using Guid(dee1243f7bf68fe4db59a8a6980d9a3e) Importer(815301076,1909f56bfc062723c751e8b465ee728b)  -> (artifact id: '57b8df0bd73f4529c9dade0eeb1eccf7') in 0.184136 seconds 
  Import took 0.191307 seconds .

========================================================================
Received Import Request.
  Time since last request: 9.260567 seconds.
  path: Assets/Prefabs/Coin 1.prefab
  artifactKey: Guid(869b801526f32ab48b315248b4960100) Importer(815301076,1909f56bfc062723c751e8b465ee728b)
Start importing Assets/Prefabs/Coin 1.prefab using Guid(869b801526f32ab48b315248b4960100) Importer(815301076,1909f56bfc062723c751e8b465ee728b)  -> (artifact id: 'c2d38232708cb3ece35e0ebe7ce1cddd') in 0.139401 seconds 
  Import took 0.148632 seconds .

========================================================================
Received Import Request.
  Time since last request: 8.635356 seconds.
  path: Assets/Prefabs/s.prefab
  artifactKey: Guid(dee1243f7bf68fe4db59a8a6980d9a3e) Importer(815301076,1909f56bfc062723c751e8b465ee728b)
Start importing Assets/Prefabs/s.prefab using Guid(dee1243f7bf68fe4db59a8a6980d9a3e) Importer(815301076,1909f56bfc062723c751e8b465ee728b)  -> (artifact id: 'cd52068f910b64f353e00ec95a5763d0') in 0.072837 seconds 
  Import took 0.087078 seconds .

========================================================================
Received Import Request.
  Time since last request: 16.631312 seconds.
  path: Assets/Prefabs/Coin.prefab
  artifactKey: Guid(869b801526f32ab48b315248b4960100) Importer(815301076,1909f56bfc062723c751e8b465ee728b)
Start importing Assets/Prefabs/Coin.prefab using Guid(869b801526f32ab48b315248b4960100) Importer(815301076,1909f56bfc062723c751e8b465ee728b)  -> (artifact id: 'f489b398a60c26778d0a1a9338ad28c8') in 0.055190 seconds 
  Import took 0.070039 seconds .

========================================================================
Received Import Request.
  Time since last request: 5.289747 seconds.
  path: Assets/Prefabs/Trap.prefab
  artifactKey: Guid(0a7ebf19ad0bf3a41a85a970da683e42) Importer(815301076,1909f56bfc062723c751e8b465ee728b)
Start importing Assets/Prefabs/Trap.prefab using Guid(0a7ebf19ad0bf3a41a85a970da683e42) Importer(815301076,1909f56bfc062723c751e8b465ee728b)  -> (artifact id: '119c8effa7974067886fa0edc251f09d') in 0.081931 seconds 
  Import took 0.095348 seconds .

========================================================================
Received Import Request.
  Time since last request: 7.640196 seconds.
  path: Assets/Prefabs/Player.prefab
  artifactKey: Guid(08ef88f9bb3cd6444a5d5e9523946588) Importer(815301076,1909f56bfc062723c751e8b465ee728b)
Start importing Assets/Prefabs/Player.prefab using Guid(08ef88f9bb3cd6444a5d5e9523946588) Importer(815301076,1909f56bfc062723c751e8b465ee728b)  -> (artifact id: '9fcfb34cbb60a549edb31fd0baac5f62') in 0.060333 seconds 
  Import took 0.068781 seconds .

